# Logfile created on 2014-05-16 15:45:13 -0500 by logger.rb/44203
I, [2014-05-16T15:45:13.774969 #26367]  INFO -- : 0:  rake (10.1.0) from /Users/danielfogerty/.rvm/rubies/ruby-2.1.0/lib/ruby/gems/2.1.0/specifications/default/rake-10.1.0.gemspec
I, [2014-05-16T15:45:13.775460 #26367]  INFO -- : 0:  i18n (0.6.5) from /Users/danielfogerty/.rvm/gems/ruby-2.1.0/specifications/i18n-0.6.5.gemspec
I, [2014-05-16T15:45:13.775760 #26367]  INFO -- : 0:  minitest (4.7.5) from /Users/danielfogerty/.rvm/rubies/ruby-2.1.0/lib/ruby/gems/2.1.0/specifications/default/minitest-4.7.5.gemspec
I, [2014-05-16T15:45:13.776032 #26367]  INFO -- : 0:  multi_json (1.8.0) from /Users/danielfogerty/.rvm/gems/ruby-2.1.0/specifications/multi_json-1.8.0.gemspec
I, [2014-05-16T15:45:13.776306 #26367]  INFO -- : 0:  atomic (1.1.14) from /Users/danielfogerty/.rvm/gems/ruby-2.1.0@global/specifications/atomic-1.1.14.gemspec
I, [2014-05-16T15:45:13.776605 #26367]  INFO -- : 0:  thread_safe (0.1.3) from /Users/danielfogerty/.rvm/gems/ruby-2.1.0@global/specifications/thread_safe-0.1.3.gemspec
I, [2014-05-16T15:45:13.776881 #26367]  INFO -- : 0:  tzinfo (0.3.37) from /Users/danielfogerty/.rvm/gems/ruby-2.1.0/specifications/tzinfo-0.3.37.gemspec
I, [2014-05-16T15:45:13.777142 #26367]  INFO -- : 0:  activesupport (4.0.0) from /Users/danielfogerty/.rvm/gems/ruby-2.1.0/specifications/activesupport-4.0.0.gemspec
I, [2014-05-16T15:45:13.777405 #26367]  INFO -- : 0:  builder (3.1.4) from /Users/danielfogerty/.rvm/gems/ruby-2.1.0@global/specifications/builder-3.1.4.gemspec
I, [2014-05-16T15:45:13.777657 #26367]  INFO -- : 0:  erubis (2.7.0) from /Users/danielfogerty/.rvm/gems/ruby-2.1.0@global/specifications/erubis-2.7.0.gemspec
I, [2014-05-16T15:45:13.777914 #26367]  INFO -- : 0:  rack (1.5.2) from /Users/danielfogerty/.rvm/gems/ruby-2.1.0@global/specifications/rack-1.5.2.gemspec
I, [2014-05-16T15:45:13.778164 #26367]  INFO -- : 0:  rack-test (0.6.2) from /Users/danielfogerty/.rvm/gems/ruby-2.1.0@global/specifications/rack-test-0.6.2.gemspec
I, [2014-05-16T15:45:13.778414 #26367]  INFO -- : 0:  actionpack (4.0.0) from /Users/danielfogerty/.rvm/gems/ruby-2.1.0/specifications/actionpack-4.0.0.gemspec
I, [2014-05-16T15:45:13.778663 #26367]  INFO -- : 0:  mime-types (1.25) from /Users/danielfogerty/.rvm/gems/ruby-2.1.0/specifications/mime-types-1.25.gemspec
I, [2014-05-16T15:45:13.778914 #26367]  INFO -- : 0:  polyglot (0.3.3) from /Users/danielfogerty/.rvm/gems/ruby-2.1.0@global/specifications/polyglot-0.3.3.gemspec
I, [2014-05-16T15:45:13.779160 #26367]  INFO -- : 0:  treetop (1.4.15) from /Users/danielfogerty/.rvm/gems/ruby-2.1.0@global/specifications/treetop-1.4.15.gemspec
I, [2014-05-16T15:45:13.779403 #26367]  INFO -- : 0:  mail (2.5.4) from /Users/danielfogerty/.rvm/gems/ruby-2.1.0@global/specifications/mail-2.5.4.gemspec
I, [2014-05-16T15:45:13.779659 #26367]  INFO -- : 0:  actionmailer (4.0.0) from /Users/danielfogerty/.rvm/gems/ruby-2.1.0/specifications/actionmailer-4.0.0.gemspec
I, [2014-05-16T15:45:13.779916 #26367]  INFO -- : 0:  activemodel (4.0.0) from /Users/danielfogerty/.rvm/gems/ruby-2.1.0/specifications/activemodel-4.0.0.gemspec
I, [2014-05-16T15:45:13.780166 #26367]  INFO -- : 0:  activerecord-deprecated_finders (1.0.3) from /Users/danielfogerty/.rvm/gems/ruby-2.1.0@global/specifications/activerecord-deprecated_finders-1.0.3.gemspec
I, [2014-05-16T15:45:13.780419 #26367]  INFO -- : 0:  arel (4.0.0) from /Users/danielfogerty/.rvm/gems/ruby-2.1.0/specifications/arel-4.0.0.gemspec
I, [2014-05-16T15:45:13.780665 #26367]  INFO -- : 0:  activerecord (4.0.0) from /Users/danielfogerty/.rvm/gems/ruby-2.1.0/specifications/activerecord-4.0.0.gemspec
I, [2014-05-16T15:45:13.780908 #26367]  INFO -- : 0:  bcrypt-ruby (3.0.1) from /Users/danielfogerty/.rvm/gems/ruby-2.1.0/specifications/bcrypt-ruby-3.0.1.gemspec
I, [2014-05-16T15:45:13.781147 #26367]  INFO -- : 0:  bundler (1.5.1) from /Users/danielfogerty/.rvm/gems/ruby-2.1.0@global/specifications/bundler-1.5.1.gemspec
I, [2014-05-16T15:45:13.781392 #26367]  INFO -- : 0:  thor (0.18.1) from /Users/danielfogerty/.rvm/gems/ruby-2.1.0@global/specifications/thor-0.18.1.gemspec
I, [2014-05-16T15:45:13.781662 #26367]  INFO -- : 0:  railties (4.0.0) from /Users/danielfogerty/.rvm/gems/ruby-2.1.0/specifications/railties-4.0.0.gemspec
I, [2014-05-16T15:45:13.781907 #26367]  INFO -- : 0:  hike (1.2.3) from /Users/danielfogerty/.rvm/gems/ruby-2.1.0@global/specifications/hike-1.2.3.gemspec
I, [2014-05-16T15:45:13.782163 #26367]  INFO -- : 0:  tilt (1.4.1) from /Users/danielfogerty/.rvm/gems/ruby-2.1.0@global/specifications/tilt-1.4.1.gemspec
I, [2014-05-16T15:45:13.782411 #26367]  INFO -- : 0:  sprockets (2.10.0) from /Users/danielfogerty/.rvm/gems/ruby-2.1.0/specifications/sprockets-2.10.0.gemspec
I, [2014-05-16T15:45:13.782664 #26367]  INFO -- : 0:  sprockets-rails (2.0.0) from /Users/danielfogerty/.rvm/gems/ruby-2.1.0/specifications/sprockets-rails-2.0.0.gemspec
I, [2014-05-16T15:45:13.782906 #26367]  INFO -- : 0:  rails (4.0.0) from /Users/danielfogerty/.rvm/gems/ruby-2.1.0/specifications/rails-4.0.0.gemspec
I, [2014-05-16T15:45:14.965612 #26367]  INFO -- : 0:  calendar_date_select (2.0.0) from /Users/danielfogerty/.rvm/gems/ruby-2.1.0/specifications/calendar_date_select-2.0.0.gemspec
I, [2014-05-16T15:45:14.966120 #26367]  INFO -- : 0:  coffee-script-source (1.6.3) from /Users/danielfogerty/.rvm/gems/ruby-2.1.0/specifications/coffee-script-source-1.6.3.gemspec
I, [2014-05-16T15:45:14.966444 #26367]  INFO -- : 0:  execjs (2.0.1) from /Users/danielfogerty/.rvm/gems/ruby-2.1.0/specifications/execjs-2.0.1.gemspec
I, [2014-05-16T15:45:14.966749 #26367]  INFO -- : 0:  coffee-script (2.2.0) from /Users/danielfogerty/.rvm/gems/ruby-2.1.0/specifications/coffee-script-2.2.0.gemspec
I, [2014-05-16T15:45:14.967062 #26367]  INFO -- : 0:  coffee-rails (4.0.0) from /Users/danielfogerty/.rvm/gems/ruby-2.1.0/specifications/coffee-rails-4.0.0.gemspec
I, [2014-05-16T15:45:15.844876 #26367]  INFO -- : 0:  date_validator (0.7.0) from /Users/danielfogerty/.rvm/gems/ruby-2.1.0/specifications/date_validator-0.7.0.gemspec
I, [2014-05-16T15:45:16.632153 #26367]  INFO -- : 0:  multipart-post (2.0.0) from /Users/danielfogerty/.rvm/gems/ruby-2.1.0/specifications/multipart-post-2.0.0.gemspec
I, [2014-05-16T15:45:17.571708 #26367]  INFO -- : 0:  faraday (0.9.0) from /Users/danielfogerty/.rvm/gems/ruby-2.1.0/specifications/faraday-0.9.0.gemspec
I, [2014-05-16T15:45:18.536304 #26367]  INFO -- : 0:  fullcalendar-rails (1.6.4.0) from /Users/danielfogerty/.rvm/gems/ruby-2.1.0/specifications/fullcalendar-rails-1.6.4.0.gemspec
I, [2014-05-16T15:45:19.658400 #26367]  INFO -- : 0:  hashie (2.1.1) from /Users/danielfogerty/.rvm/gems/ruby-2.1.0/specifications/hashie-2.1.1.gemspec
I, [2014-05-16T15:45:20.929697 #26367]  INFO -- : 0:  highcharts-rails (4.0.1) from /Users/danielfogerty/.rvm/gems/ruby-2.1.0/specifications/highcharts-rails-4.0.1.gemspec
I, [2014-05-16T15:45:20.930218 #26367]  INFO -- : 0:  jbuilder (1.5.1) from /Users/danielfogerty/.rvm/gems/ruby-2.1.0/specifications/jbuilder-1.5.1.gemspec
I, [2014-05-16T15:45:20.930564 #26367]  INFO -- : 0:  jquery-rails (3.0.4) from /Users/danielfogerty/.rvm/gems/ruby-2.1.0/specifications/jquery-rails-3.0.4.gemspec
I, [2014-05-16T15:45:20.930879 #26367]  INFO -- : 0:  turbolinks (1.3.0) from /Users/danielfogerty/.rvm/gems/ruby-2.1.0/specifications/turbolinks-1.3.0.gemspec
I, [2014-05-16T15:45:21.708814 #26367]  INFO -- : 0:  jquery-turbolinks (2.0.2) from /Users/danielfogerty/.rvm/gems/ruby-2.1.0/specifications/jquery-turbolinks-2.0.2.gemspec
I, [2014-05-16T15:45:21.709305 #26367]  INFO -- : 0:  json (1.8.0) from /Users/danielfogerty/.rvm/gems/ruby-2.1.0/specifications/json-1.8.0.gemspec
I, [2014-05-16T15:45:22.608769 #26367]  INFO -- : 0:  jwt (0.1.11) from /Users/danielfogerty/.rvm/gems/ruby-2.1.0/specifications/jwt-0.1.11.gemspec
I, [2014-05-16T15:45:23.472415 #26367]  INFO -- : 0:  multi_xml (0.5.5) from /Users/danielfogerty/.rvm/gems/ruby-2.1.0/specifications/multi_xml-0.5.5.gemspec
I, [2014-05-16T15:45:24.284908 #26367]  INFO -- : 0:  oauth2 (0.9.3) from /Users/danielfogerty/.rvm/gems/ruby-2.1.0/specifications/oauth2-0.9.3.gemspec
I, [2014-05-16T15:45:25.157078 #26367]  INFO -- : 0:  omniauth (1.2.1) from /Users/danielfogerty/.rvm/gems/ruby-2.1.0/specifications/omniauth-1.2.1.gemspec
I, [2014-05-16T15:45:25.896867 #26367]  INFO -- : 0:  omniauth-oauth2 (1.1.2) from /Users/danielfogerty/.rvm/gems/ruby-2.1.0/specifications/omniauth-oauth2-1.1.2.gemspec
I, [2014-05-16T15:45:26.869952 #26367]  INFO -- : 0:  omniauth-facebook (1.6.0) from /Users/danielfogerty/.rvm/gems/ruby-2.1.0/specifications/omniauth-facebook-1.6.0.gemspec
I, [2014-05-16T15:45:27.700843 #26367]  INFO -- : 0:  omniauth-google-oauth2 (0.2.4) from /Users/danielfogerty/.rvm/gems/ruby-2.1.0/specifications/omniauth-google-oauth2-0.2.4.gemspec
I, [2014-05-16T15:45:27.701310 #26367]  INFO -- : 0:  rdoc (3.12.2) from /Users/danielfogerty/.rvm/gems/ruby-2.1.0/specifications/rdoc-3.12.2.gemspec
I, [2014-05-16T15:45:27.702572 #26367]  INFO -- : 0:  rest-client (1.6.7) from /Users/danielfogerty/.rvm/gems/ruby-2.1.0/specifications/rest-client-1.6.7.gemspec
I, [2014-05-16T15:45:27.702882 #26367]  INFO -- : 0:  sass (3.2.10) from /Users/danielfogerty/.rvm/gems/ruby-2.1.0/specifications/sass-3.2.10.gemspec
I, [2014-05-16T15:45:27.703167 #26367]  INFO -- : 0:  sass-rails (4.0.0) from /Users/danielfogerty/.rvm/gems/ruby-2.1.0/specifications/sass-rails-4.0.0.gemspec
I, [2014-05-16T15:45:27.703422 #26367]  INFO -- : 0:  sdoc (0.3.20) from /Users/danielfogerty/.rvm/gems/ruby-2.1.0/specifications/sdoc-0.3.20.gemspec
I, [2014-05-16T15:45:27.703711 #26367]  INFO -- : 0:  sqlite3 (1.3.8) from /Users/danielfogerty/.rvm/gems/ruby-2.1.0/specifications/sqlite3-1.3.8.gemspec
I, [2014-05-16T15:45:27.704035 #26367]  INFO -- : 0:  stripe (1.8.8) from /Users/danielfogerty/.rvm/gems/ruby-2.1.0/specifications/stripe-1.8.8.gemspec
I, [2014-05-16T15:45:28.445322 #26367]  INFO -- : 0:  table_builder (0.2.3) from /Users/danielfogerty/.rvm/gems/ruby-2.1.0/specifications/table_builder-0.2.3.gemspec
I, [2014-05-16T15:45:28.445771 #26367]  INFO -- : 0:  uglifier (2.2.1) from /Users/danielfogerty/.rvm/gems/ruby-2.1.0/specifications/uglifier-2.2.1.gemspec
